\BOOKMARK [1][-]{section.1}{\376\377\000I\000n\000t\000r\000o\000d\000u\000z\000i\000o\000n\000e}{}% 1
\BOOKMARK [1][-]{section.2}{\376\377\000A\000n\000a\000l\000i\000s\000i\000\040\000E\000s\000p\000l\000o\000r\000a\000t\000i\000v\000a}{}% 2
\BOOKMARK [2][-]{subsection.2.1}{\376\377\000C\000o\000n\000s\000i\000d\000e\000r\000a\000z\000i\000o\000n\000i\000\040\000s\000u\000l\000l\000e\000\040\000v\000a\000r\000i\000a\000b\000i\000l\000i}{section.2}% 3
\BOOKMARK [3][-]{subsubsection.2.1.1}{\376\377\000T\000r\000a\000s\000f\000o\000r\000m\000a\000z\000i\000o\000n\000e\000\040\000e\000\040\000c\000r\000e\000a\000z\000i\000o\000n\000e\000\040\000d\000i\000\040\000n\000u\000o\000v\000e\000\040\000v\000a\000r\000i\000a\000b\000i\000l\000i}{subsection.2.1}% 4
\BOOKMARK [2][-]{subsection.2.2}{\376\377\000S\000t\000a\000t\000i\000s\000t\000i\000c\000h\000e\000\040\000r\000i\000a\000s\000s\000u\000n\000t\000i\000v\000e}{section.2}% 5
\BOOKMARK [2][-]{subsection.2.3}{\376\377\000A\000n\000a\000l\000i\000s\000i\000\040\000d\000e\000l\000l\000e\000\040\000c\000o\000m\000p\000o\000n\000e\000n\000t\000i\000\040\000p\000r\000i\000n\000c\000i\000p\000a\000l\000i}{section.2}% 6
\BOOKMARK [3][-]{subsubsection.2.3.1}{\376\377\000I\000n\000t\000e\000r\000p\000r\000e\000t\000a\000z\000i\000o\000n\000e\000\040\000d\000e\000l\000l\000e\000\040\000c\000o\000m\000p\000o\000n\000e\000n\000t\000i}{subsection.2.3}% 7
\BOOKMARK [1][-]{section.3}{\376\377\000M\000o\000d\000e\000l\000\040\000B\000a\000s\000e\000d\000\040\000C\000l\000u\000s\000t\000e\000r\000i\000n\000g}{}% 8
\BOOKMARK [1][-]{section.4}{\376\377\000M\000o\000d\000e\000l\000\040\000B\000a\000s\000e\000d\000\040\000C\000l\000u\000s\000t\000e\000r\000i\000n\000g\000\040\000w\000i\000t\000h\000\040\000C\000o\000v\000a\000r\000i\000a\000t\000e\000s}{}% 9
\BOOKMARK [1][-]{figure.caption.10}{\376\377\000A\000p\000p\000e\000n\000d\000i\000c\000e}{}% 10
\BOOKMARK [1][-]{appendix.Alph1}{\376\377\000C\000o\000d\000i\000c\000e\000\040\000R\000\040\000C\000o\000m\000m\000e\000n\000t\000a\000t\000o\000\040\000E\000s\000t\000r\000a\000z\000i\000o\000n\000e\000\040\000d\000e\000i\000\040\000d\000a\000t\000i}{}% 11
\BOOKMARK [1][-]{appendix.Alph2}{\376\377\000C\000o\000d\000i\000c\000e\000\040\000R\000\040\000C\000o\000m\000m\000e\000n\000t\000a\000t\000o\000\040\000E\000s\000p\000l\000o\000r\000a\000z\000i\000o\000n\000e\000\040\000i\000n\000i\000z\000i\000a\000l\000e}{}% 12
\BOOKMARK [1][-]{appendix.Alph3}{\376\377\000C\000o\000d\000i\000c\000e\000\040\000R\000\040\000C\000o\000m\000m\000e\000n\000t\000a\000t\000o\000\040\000T\000r\000a\000t\000t\000e\000m\000e\000n\000t\000o\000\040\000v\000a\000r\000i\000a\000b\000i\000l\000i}{}% 13
\BOOKMARK [1][-]{appendix.Alph4}{\376\377\000C\000o\000d\000i\000c\000e\000\040\000R\000\040\000C\000o\000m\000m\000e\000n\000t\000a\000t\000o\000\040\000C\000r\000e\000a\000z\000i\000o\000n\000e\000\040\000v\000a\000r\000i\000a\000b\000i\000l\000i}{}% 14
\BOOKMARK [1][-]{appendix.Alph5}{\376\377\000C\000o\000d\000i\000c\000e\000\040\000R\000\040\000C\000o\000m\000m\000e\000n\000t\000a\000t\000o\000\040\000S\000t\000a\000t\000i\000s\000t\000i\000c\000h\000e\000\040\000R\000i\000a\000s\000s\000u\000n\000t\000i\000v\000e}{}% 15
\BOOKMARK [1][-]{appendix.Alph6}{\376\377\000C\000o\000d\000i\000c\000e\000\040\000R\000\040\000C\000o\000m\000m\000e\000n\000t\000a\000t\000o\000\040\000C\000r\000e\000a\000z\000i\000o\000n\000e\000\040\000C\000o\000e\000f\000f\000i\000c\000i\000e\000n\000t\000i\000\040\000d\000i\000\040\000V\000a\000r\000i\000a\000z\000i\000o\000n\000e}{}% 16
\BOOKMARK [1][-]{appendix.Alph7}{\376\377\000C\000o\000d\000i\000c\000e\000\040\000R\000\040\000C\000o\000m\000m\000e\000n\000t\000a\000t\000o\000\040\000A\000n\000a\000l\000i\000s\000i\000\040\000d\000e\000l\000l\000e\000\040\000c\000o\000r\000r\000e\000l\000a\000z\000i\000o\000n\000i}{}% 17
\BOOKMARK [1][-]{appendix.Alph8}{\376\377\000C\000o\000d\000i\000c\000e\000\040\000R\000\040\000C\000o\000m\000m\000e\000n\000t\000a\000t\000o\000\040\000A\000n\000a\000l\000i\000s\000i\000\040\000d\000e\000l\000l\000e\000\040\000c\000o\000m\000p\000o\000n\000e\000n\000t\000i\000\040\000p\000r\000i\000n\000c\000i\000p\000a\000l\000i}{}% 18
\BOOKMARK [1][-]{appendix.Alph9}{\376\377\000C\000o\000d\000i\000c\000e\000\040\000R\000\040\000C\000o\000m\000m\000e\000n\000t\000a\000t\000o\000\040\000M\000o\000d\000e\000l\000\040\000B\000a\000s\000e\000\040\000C\000l\000u\000s\000t\000e\000r\000i\000n\000g}{}% 19
\BOOKMARK [2][-]{subsection.Alph9.1}{\376\377\000M\000e\000d\000i\000a\000\040\000c\000o\000m\000p\000o\000n\000e\000n\000t\000i\000\040\000p\000r\000i\000n\000c\000i\000p\000a\000l\000i\000\040\000n\000e\000l\000l\000e\000\040\000C\000l\000a\000s\000s\000i}{appendix.Alph9}% 20
\BOOKMARK [1][-]{appendix.Alph10}{\376\377\000C\000o\000d\000i\000c\000e\000\040\000R\000\040\000C\000o\000m\000m\000e\000n\000t\000a\000t\000o\000\040\000M\000E\000M}{}% 21
\BOOKMARK [2][-]{subsection.Alph10.1}{\376\377\000M\000e\000d\000i\000a\000\040\000d\000e\000l\000l\000e\000\040\000v\000a\000r\000i\000a\000b\000i\000l\000i\000\040\000n\000e\000l\000l\000e\000\040\000C\000l\000a\000s\000s\000i\000\040\000-\000\040\000S\000e\000t\000\040\0002}{appendix.Alph10}% 22
\BOOKMARK [2][-]{subsection.Alph10.2}{\376\377\000M\000e\000d\000i\000a\000\040\000d\000e\000l\000l\000e\000\040\000v\000a\000r\000i\000a\000b\000i\000l\000i\000\040\000n\000e\000l\000l\000e\000\040\000C\000l\000a\000s\000s\000i\000\040\000-\000\040\000S\000e\000t\000\040\0002}{appendix.Alph10}% 23
